<?xml version="1.0" encoding="UTF-8"?>
<!-- Generated by org.testng.reporters.JUnitReportReporter -->
<testsuite hostname="DESKTOP-Q88BGHT" failures="0" tests="1" name="Tests.RegisterPageTest" time="1.803" errors="0" timestamp="2022-11-16T15:15:27 IST" skipped="0">
  <testcase classname="Tests.RegisterPageTest" name="registerTest" time="1.803"/>
  <system-out/>
</testsuite> <!-- Tests.RegisterPageTest -->
